<?xml version="1.0" encoding="UTF-8"?>
<!-- Generated by org.testng.reporters.JUnitReportReporter -->
<testsuite hostname="Nuvobook_V1" failures="0" tests="1" name="R_A_EVALUATION.RAEvaluation" time="2.744" errors="0" timestamp="2024-07-08T16:11:44 IST" skipped="0">
  <testcase classname="R_A_EVALUATION.RAEvaluation" name="Get_an_object_with_all_available_currency_exchange_rates" time="2.744"/>
  <system-out/>
</testsuite> <!-- R_A_EVALUATION.RAEvaluation -->
