<?xml version="1.0" encoding="UTF-8"?>
<!-- Generated by org.testng.reporters.JUnitReportReporter -->
<testsuite hostname="Nuvobook_V1" failures="0" tests="5" name="R_A_EVALUATION.RAEvaluation" time="2.874" errors="0" timestamp="2024-07-08T15:49:16 IST" skipped="4">
  <testcase classname="R_A_EVALUATION.RAEvaluation" name="Get_an_object_with_all_available_currency_exchange_rates" time="2.874"/>
  <system-out/>
  <testcase classname="R_A_EVALUATION.RAEvaluation" name="List_all_the_transactions_done_by_the_user">
    <skipped/>
  </testcase> <!-- List_all_the_transactions_done_by_the_user -->
  <system-out/>
  <testcase classname="R_A_EVALUATION.RAEvaluation" name="Login_the_user_and_generate_a_session_token">
    <skipped/>
  </testcase> <!-- Login_the_user_and_generate_a_session_token -->
  <system-out/>
  <testcase classname="R_A_EVALUATION.RAEvaluation" name="Register_a_user_and_create_his_her_wallet">
    <skipped/>
  </testcase> <!-- Register_a_user_and_create_his_her_wallet -->
  <system-out/>
  <testcase classname="R_A_EVALUATION.RAEvaluation" name="Retrieve_the_wallet_balance">
    <skipped/>
  </testcase> <!-- Retrieve_the_wallet_balance -->
  <system-out/>
</testsuite> <!-- R_A_EVALUATION.RAEvaluation -->
